{"D:\\Comprende-AI\\backend\\App.js": {"path":"D:\\Comprende-AI\\backend\\App.js","statementMap":{"0":{"start":{"line":1,"column":0},"end":{"line":1,"column":27}},"1":{"start":{"line":3,"column":16},"end":{"line":3,"column":34}},"2":{"start":{"line":4,"column":13},"end":{"line":4,"column":28}},"3":{"start":{"line":5,"column":15},"end":{"line":5,"column":32}},"4":{"start":{"line":6,"column":21},"end":{"line":6,"column":45}},"5":{"start":{"line":8,"column":24},"end":{"line":8,"column":48}},"6":{"start":{"line":9,"column":33},"end":{"line":9,"column":72}},"7":{"start":{"line":10,"column":47},"end":{"line":10,"column":84}},"8":{"start":{"line":11,"column":20},"end":{"line":11,"column":56}},"9":{"start":{"line":13,"column":12},"end":{"line":13,"column":21}},"10":{"start":{"line":16,"column":0},"end":{"line":16,"column":16}},"11":{"start":{"line":17,"column":0},"end":{"line":17,"column":24}},"12":{"start":{"line":20,"column":16},"end":{"line":20,"column":38}},"13":{"start":{"line":21,"column":15},"end":{"line":21,"column":43}},"14":{"start":{"line":24,"column":0},"end":{"line":24,"column":50}},"15":{"start":{"line":25,"column":0},"end":{"line":25,"column":48}},"16":{"start":{"line":26,"column":0},"end":{"line":26,"column":42}},"17":{"start":{"line":27,"column":0},"end":{"line":27,"column":59}},"18":{"start":{"line":28,"column":0},"end":{"line":28,"column":37}},"19":{"start":{"line":29,"column":0},"end":{"line":29,"column":61}},"20":{"start":{"line":30,"column":0},"end":{"line":30,"column":59}},"21":{"start":{"line":33,"column":13},"end":{"line":33,"column":37}},"22":{"start":{"line":35,"column":15},"end":{"line":41,"column":2}},"23":{"start":{"line":36,"column":4},"end":{"line":36,"column":60}},"24":{"start":{"line":38,"column":4},"end":{"line":40,"column":5}},"25":{"start":{"line":39,"column":8},"end":{"line":39,"column":23}},"26":{"start":{"line":44,"column":0},"end":{"line":44,"column":33}}},"fnMap":{"0":{"name":"(anonymous_0)","decl":{"start":{"line":35,"column":32},"end":{"line":35,"column":33}},"loc":{"start":{"line":35,"column":38},"end":{"line":41,"column":1}},"line":35}},"branchMap":{"0":{"loc":{"start":{"line":33,"column":13},"end":{"line":33,"column":37}},"type":"binary-expr","locations":[{"start":{"line":33,"column":13},"end":{"line":33,"column":29}},{"start":{"line":33,"column":33},"end":{"line":33,"column":37}}],"line":33},"1":{"loc":{"start":{"line":38,"column":4},"end":{"line":40,"column":5}},"type":"if","locations":[{"start":{"line":38,"column":4},"end":{"line":40,"column":5}},{"start":{},"end":{}}],"line":38}},"s":{"0":3,"1":3,"2":3,"3":3,"4":3,"5":3,"6":3,"7":3,"8":3,"9":3,"10":3,"11":3,"12":3,"13":3,"14":3,"15":3,"16":3,"17":3,"18":3,"19":3,"20":3,"21":3,"22":3,"23":3,"24":3,"25":0,"26":3},"f":{"0":3},"b":{"0":[3,3],"1":[0,3]},"_coverageSchema":"1a1c01bbd47fc00a2c39e90264f33305004495a9","hash":"d3954e6bb4969625d02fafc13e92d9fe3f923317"}
,"D:\\Comprende-AI\\backend\\flow.js": {"path":"D:\\Comprende-AI\\backend\\flow.js","statementMap":{"0":{"start":{"line":1,"column":31},"end":{"line":1,"column":63}},"1":{"start":{"line":2,"column":14},"end":{"line":2,"column":28}},"2":{"start":{"line":5,"column":14},"end":{"line":5,"column":64}},"3":{"start":{"line":8,"column":23},"end":{"line":13,"column":2}},"4":{"start":{"line":15,"column":22},"end":{"line":20,"column":2}},"5":{"start":{"line":24,"column":2},"end":{"line":59,"column":3}},"6":{"start":{"line":25,"column":4},"end":{"line":25,"column":44}},"7":{"start":{"line":27,"column":18},"end":{"line":33,"column":6}},"8":{"start":{"line":35,"column":19},"end":{"line":35,"column":54}},"9":{"start":{"line":36,"column":21},"end":{"line":36,"column":42}},"10":{"start":{"line":37,"column":23},"end":{"line":37,"column":38}},"11":{"start":{"line":39,"column":4},"end":{"line":39,"column":50}},"12":{"start":{"line":40,"column":4},"end":{"line":40,"column":73}},"13":{"start":{"line":43,"column":22},"end":{"line":43,"column":73}},"14":{"start":{"line":46,"column":19},"end":{"line":46,"column":40}},"15":{"start":{"line":47,"column":4},"end":{"line":47,"column":32}},"16":{"start":{"line":50,"column":4},"end":{"line":50,"column":45}},"17":{"start":{"line":51,"column":4},"end":{"line":51,"column":47}},"18":{"start":{"line":54,"column":4},"end":{"line":56,"column":5}},"19":{"start":{"line":55,"column":6},"end":{"line":55,"column":84}},"20":{"start":{"line":58,"column":4},"end":{"line":58,"column":57}},"21":{"start":{"line":63,"column":30},"end":{"line":84,"column":1}},"22":{"start":{"line":64,"column":17},"end":{"line":81,"column":3}},"23":{"start":{"line":83,"column":2},"end":{"line":83,"column":53}},"24":{"start":{"line":87,"column":28},"end":{"line":105,"column":1}},"25":{"start":{"line":88,"column":17},"end":{"line":102,"column":3}},"26":{"start":{"line":104,"column":2},"end":{"line":104,"column":52}},"27":{"start":{"line":107,"column":0},"end":{"line":110,"column":2}}},"fnMap":{"0":{"name":"callGeminiAPI","decl":{"start":{"line":23,"column":15},"end":{"line":23,"column":28}},"loc":{"start":{"line":23,"column":45},"end":{"line":60,"column":1}},"line":23},"1":{"name":"(anonymous_1)","decl":{"start":{"line":63,"column":30},"end":{"line":63,"column":31}},"loc":{"start":{"line":63,"column":46},"end":{"line":84,"column":1}},"line":63},"2":{"name":"(anonymous_2)","decl":{"start":{"line":87,"column":28},"end":{"line":87,"column":29}},"loc":{"start":{"line":87,"column":44},"end":{"line":105,"column":1}},"line":87}},"branchMap":{"0":{"loc":{"start":{"line":54,"column":4},"end":{"line":56,"column":5}},"type":"if","locations":[{"start":{"line":54,"column":4},"end":{"line":56,"column":5}},{"start":{},"end":{}}],"line":54}},"s":{"0":2,"1":2,"2":2,"3":2,"4":2,"5":0,"6":0,"7":0,"8":0,"9":0,"10":0,"11":0,"12":0,"13":0,"14":0,"15":0,"16":0,"17":0,"18":0,"19":0,"20":0,"21":2,"22":0,"23":0,"24":2,"25":0,"26":0,"27":2},"f":{"0":0,"1":0,"2":0},"b":{"0":[0,0]},"_coverageSchema":"1a1c01bbd47fc00a2c39e90264f33305004495a9","hash":"b7c8cda4ef91df038c8c93f17ba95b70cd1e03ef"}
,"D:\\Comprende-AI\\backend\\controllers\\aiController.js": {"path":"D:\\Comprende-AI\\backend\\controllers\\aiController.js","statementMap":{"0":{"start":{"line":1,"column":13},"end":{"line":1,"column":37}},"1":{"start":{"line":2,"column":55},"end":{"line":2,"column":73}},"2":{"start":{"line":4,"column":26},"end":{"line":23,"column":1}},"3":{"start":{"line":5,"column":2},"end":{"line":22,"column":3}},"4":{"start":{"line":6,"column":23},"end":{"line":6,"column":33}},"5":{"start":{"line":7,"column":25},"end":{"line":7,"column":52}},"6":{"start":{"line":9,"column":4},"end":{"line":11,"column":5}},"7":{"start":{"line":10,"column":6},"end":{"line":10,"column":71}},"8":{"start":{"line":13,"column":19},"end":{"line":13,"column":68}},"9":{"start":{"line":14,"column":4},"end":{"line":14,"column":21}},"10":{"start":{"line":17,"column":4},"end":{"line":17,"column":76}},"11":{"start":{"line":18,"column":4},"end":{"line":21,"column":7}},"12":{"start":{"line":25,"column":24},"end":{"line":44,"column":1}},"13":{"start":{"line":26,"column":2},"end":{"line":43,"column":3}},"14":{"start":{"line":27,"column":23},"end":{"line":27,"column":33}},"15":{"start":{"line":28,"column":25},"end":{"line":28,"column":52}},"16":{"start":{"line":30,"column":4},"end":{"line":32,"column":5}},"17":{"start":{"line":31,"column":6},"end":{"line":31,"column":71}},"18":{"start":{"line":34,"column":19},"end":{"line":34,"column":66}},"19":{"start":{"line":35,"column":4},"end":{"line":35,"column":21}},"20":{"start":{"line":38,"column":4},"end":{"line":38,"column":76}},"21":{"start":{"line":39,"column":4},"end":{"line":42,"column":7}},"22":{"start":{"line":46,"column":0},"end":{"line":49,"column":2}}},"fnMap":{"0":{"name":"(anonymous_0)","decl":{"start":{"line":4,"column":26},"end":{"line":4,"column":27}},"loc":{"start":{"line":4,"column":46},"end":{"line":23,"column":1}},"line":4},"1":{"name":"(anonymous_1)","decl":{"start":{"line":25,"column":24},"end":{"line":25,"column":25}},"loc":{"start":{"line":25,"column":44},"end":{"line":44,"column":1}},"line":25}},"branchMap":{"0":{"loc":{"start":{"line":9,"column":4},"end":{"line":11,"column":5}},"type":"if","locations":[{"start":{"line":9,"column":4},"end":{"line":11,"column":5}},{"start":{},"end":{}}],"line":9},"1":{"loc":{"start":{"line":30,"column":4},"end":{"line":32,"column":5}},"type":"if","locations":[{"start":{"line":30,"column":4},"end":{"line":32,"column":5}},{"start":{},"end":{}}],"line":30}},"s":{"0":3,"1":3,"2":3,"3":2,"4":2,"5":2,"6":2,"7":1,"8":1,"9":1,"10":0,"11":0,"12":3,"13":2,"14":2,"15":2,"16":2,"17":1,"18":1,"19":1,"20":0,"21":0,"22":3},"f":{"0":2,"1":2},"b":{"0":[1,1],"1":[1,1]},"_coverageSchema":"1a1c01bbd47fc00a2c39e90264f33305004495a9","hash":"f16c005bfe682a694802df647e899e3e7e41dff6"}
,"D:\\Comprende-AI\\backend\\controllers\\getUserById.js": {"path":"D:\\Comprende-AI\\backend\\controllers\\getUserById.js","statementMap":{"0":{"start":{"line":1,"column":16},"end":{"line":1,"column":43}},"1":{"start":{"line":3,"column":20},"end":{"line":28,"column":1}},"2":{"start":{"line":5,"column":17},"end":{"line":5,"column":27}},"3":{"start":{"line":8,"column":2},"end":{"line":27,"column":3}},"4":{"start":{"line":9,"column":4},"end":{"line":23,"column":5}},"5":{"start":{"line":10,"column":22},"end":{"line":10,"column":48}},"6":{"start":{"line":12,"column":6},"end":{"line":20,"column":7}},"7":{"start":{"line":13,"column":8},"end":{"line":15,"column":11}},"8":{"start":{"line":18,"column":46},"end":{"line":18,"column":58}},"9":{"start":{"line":19,"column":8},"end":{"line":19,"column":24}},"10":{"start":{"line":22,"column":6},"end":{"line":22,"column":113}},"11":{"start":{"line":26,"column":4},"end":{"line":26,"column":75}},"12":{"start":{"line":30,"column":0},"end":{"line":30,"column":29}}},"fnMap":{"0":{"name":"(anonymous_0)","decl":{"start":{"line":3,"column":20},"end":{"line":3,"column":21}},"loc":{"start":{"line":3,"column":40},"end":{"line":28,"column":1}},"line":3}},"branchMap":{"0":{"loc":{"start":{"line":8,"column":2},"end":{"line":27,"column":3}},"type":"if","locations":[{"start":{"line":8,"column":2},"end":{"line":27,"column":3}},{"start":{"line":24,"column":9},"end":{"line":27,"column":3}}],"line":8},"1":{"loc":{"start":{"line":8,"column":6},"end":{"line":8,"column":57}},"type":"binary-expr","locations":[{"start":{"line":8,"column":6},"end":{"line":8,"column":8}},{"start":{"line":8,"column":12},"end":{"line":8,"column":28}},{"start":{"line":8,"column":32},"end":{"line":8,"column":57}}],"line":8},"2":{"loc":{"start":{"line":12,"column":6},"end":{"line":20,"column":7}},"type":"if","locations":[{"start":{"line":12,"column":6},"end":{"line":20,"column":7}},{"start":{"line":16,"column":13},"end":{"line":20,"column":7}}],"line":12}},"s":{"0":3,"1":3,"2":0,"3":0,"4":0,"5":0,"6":0,"7":0,"8":0,"9":0,"10":0,"11":0,"12":3},"f":{"0":0},"b":{"0":[0,0],"1":[0,0,0],"2":[0,0]},"_coverageSchema":"1a1c01bbd47fc00a2c39e90264f33305004495a9","hash":"882d55fbefd7c08619138571ce15d9c007fbb68e"}
,"D:\\Comprende-AI\\backend\\controllers\\index.js": {"path":"D:\\Comprende-AI\\backend\\controllers\\index.js","statementMap":{"0":{"start":{"line":1,"column":17},"end":{"line":1,"column":38}},"1":{"start":{"line":2,"column":16},"end":{"line":2,"column":34}},"2":{"start":{"line":3,"column":20},"end":{"line":3,"column":44}},"3":{"start":{"line":5,"column":0},"end":{"line":9,"column":2}}},"fnMap":{},"branchMap":{},"s":{"0":3,"1":3,"2":3,"3":3},"f":{},"b":{},"_coverageSchema":"1a1c01bbd47fc00a2c39e90264f33305004495a9","hash":"f1dffd28e1d8538d3fa224085052fb5055fe5c59"}
,"D:\\Comprende-AI\\backend\\controllers\\login.js": {"path":"D:\\Comprende-AI\\backend\\controllers\\login.js","statementMap":{"0":{"start":{"line":1,"column":15},"end":{"line":1,"column":32}},"1":{"start":{"line":2,"column":16},"end":{"line":2,"column":43}},"2":{"start":{"line":3,"column":12},"end":{"line":3,"column":35}},"3":{"start":{"line":6,"column":14},"end":{"line":48,"column":1}},"4":{"start":{"line":7,"column":33},"end":{"line":7,"column":41}},"5":{"start":{"line":9,"column":2},"end":{"line":47,"column":3}},"6":{"start":{"line":11,"column":20},"end":{"line":11,"column":53}},"7":{"start":{"line":12,"column":4},"end":{"line":15,"column":5}},"8":{"start":{"line":14,"column":6},"end":{"line":14,"column":75}},"9":{"start":{"line":18,"column":23},"end":{"line":18,"column":75}},"10":{"start":{"line":19,"column":4},"end":{"line":22,"column":5}},"11":{"start":{"line":21,"column":6},"end":{"line":21,"column":75}},"12":{"start":{"line":25,"column":27},"end":{"line":25,"column":34}},"13":{"start":{"line":26,"column":17},"end":{"line":26,"column":31}},"14":{"start":{"line":29,"column":18},"end":{"line":31,"column":6}},"15":{"start":{"line":34,"column":4},"end":{"line":41,"column":7}},"16":{"start":{"line":45,"column":4},"end":{"line":45,"column":58}},"17":{"start":{"line":46,"column":4},"end":{"line":46,"column":69}},"18":{"start":{"line":50,"column":0},"end":{"line":50,"column":23}}},"fnMap":{"0":{"name":"(anonymous_0)","decl":{"start":{"line":6,"column":14},"end":{"line":6,"column":15}},"loc":{"start":{"line":6,"column":34},"end":{"line":48,"column":1}},"line":6}},"branchMap":{"0":{"loc":{"start":{"line":12,"column":4},"end":{"line":15,"column":5}},"type":"if","locations":[{"start":{"line":12,"column":4},"end":{"line":15,"column":5}},{"start":{},"end":{}}],"line":12},"1":{"loc":{"start":{"line":19,"column":4},"end":{"line":22,"column":5}},"type":"if","locations":[{"start":{"line":19,"column":4},"end":{"line":22,"column":5}},{"start":{},"end":{}}],"line":19},"2":{"loc":{"start":{"line":29,"column":33},"end":{"line":29,"column":68}},"type":"binary-expr","locations":[{"start":{"line":29,"column":33},"end":{"line":29,"column":55}},{"start":{"line":29,"column":59},"end":{"line":29,"column":68}}],"line":29}},"s":{"0":3,"1":3,"2":3,"3":3,"4":2,"5":2,"6":2,"7":2,"8":0,"9":2,"10":2,"11":1,"12":1,"13":1,"14":1,"15":1,"16":0,"17":0,"18":3},"f":{"0":2},"b":{"0":[0,2],"1":[1,1],"2":[1,1]},"_coverageSchema":"1a1c01bbd47fc00a2c39e90264f33305004495a9","hash":"a4ec6a6fedeb56a9f35d08347deafd85b4d8b6c3"}
,"D:\\Comprende-AI\\backend\\controllers\\register.js": {"path":"D:\\Comprende-AI\\backend\\controllers\\register.js","statementMap":{"0":{"start":{"line":1,"column":15},"end":{"line":1,"column":32}},"1":{"start":{"line":2,"column":20},"end":{"line":2,"column":47}},"2":{"start":{"line":4,"column":21},"end":{"line":33,"column":5}},"3":{"start":{"line":6,"column":46},"end":{"line":6,"column":54}},"4":{"start":{"line":8,"column":8},"end":{"line":32,"column":11}},"5":{"start":{"line":9,"column":12},"end":{"line":31,"column":13}},"6":{"start":{"line":10,"column":16},"end":{"line":10,"column":88}},"7":{"start":{"line":11,"column":18},"end":{"line":31,"column":13}},"8":{"start":{"line":12,"column":16},"end":{"line":12,"column":95}},"9":{"start":{"line":14,"column":16},"end":{"line":30,"column":19}},"10":{"start":{"line":15,"column":20},"end":{"line":29,"column":21}},"11":{"start":{"line":15,"column":31},"end":{"line":15,"column":49}},"12":{"start":{"line":17,"column":45},"end":{"line":21,"column":26}},"13":{"start":{"line":23,"column":24},"end":{"line":28,"column":64}},"14":{"start":{"line":26,"column":28},"end":{"line":26,"column":104}},"15":{"start":{"line":28,"column":42},"end":{"line":28,"column":62}},"16":{"start":{"line":35,"column":0},"end":{"line":35,"column":26}}},"fnMap":{"0":{"name":"(anonymous_0)","decl":{"start":{"line":4,"column":21},"end":{"line":4,"column":22}},"loc":{"start":{"line":4,"column":41},"end":{"line":33,"column":5}},"line":4},"1":{"name":"(anonymous_1)","decl":{"start":{"line":8,"column":39},"end":{"line":8,"column":40}},"loc":{"start":{"line":8,"column":52},"end":{"line":32,"column":9}},"line":8},"2":{"name":"(anonymous_2)","decl":{"start":{"line":14,"column":44},"end":{"line":14,"column":45}},"loc":{"start":{"line":14,"column":75},"end":{"line":30,"column":17}},"line":14},"3":{"name":"(anonymous_3)","decl":{"start":{"line":25,"column":30},"end":{"line":25,"column":31}},"loc":{"start":{"line":25,"column":43},"end":{"line":27,"column":25}},"line":25},"4":{"name":"(anonymous_4)","decl":{"start":{"line":28,"column":31},"end":{"line":28,"column":32}},"loc":{"start":{"line":28,"column":42},"end":{"line":28,"column":62}},"line":28}},"branchMap":{"0":{"loc":{"start":{"line":9,"column":12},"end":{"line":31,"column":13}},"type":"if","locations":[{"start":{"line":9,"column":12},"end":{"line":31,"column":13}},{"start":{"line":11,"column":18},"end":{"line":31,"column":13}}],"line":9},"1":{"loc":{"start":{"line":11,"column":18},"end":{"line":31,"column":13}},"type":"if","locations":[{"start":{"line":11,"column":18},"end":{"line":31,"column":13}},{"start":{"line":13,"column":18},"end":{"line":31,"column":13}}],"line":11},"2":{"loc":{"start":{"line":11,"column":21},"end":{"line":11,"column":54}},"type":"binary-expr","locations":[{"start":{"line":11,"column":21},"end":{"line":11,"column":28}},{"start":{"line":11,"column":32},"end":{"line":11,"column":39}},{"start":{"line":11,"column":43},"end":{"line":11,"column":54}}],"line":11},"3":{"loc":{"start":{"line":15,"column":20},"end":{"line":29,"column":21}},"type":"if","locations":[{"start":{"line":15,"column":20},"end":{"line":29,"column":21}},{"start":{"line":16,"column":25},"end":{"line":29,"column":21}}],"line":15}},"s":{"0":3,"1":3,"2":3,"3":4,"4":4,"5":4,"6":1,"7":3,"8":0,"9":3,"10":3,"11":0,"12":3,"13":3,"14":3,"15":0,"16":3},"f":{"0":4,"1":4,"2":3,"3":3,"4":0},"b":{"0":[1,3],"1":[0,3],"2":[3,3,3],"3":[0,3]},"_coverageSchema":"1a1c01bbd47fc00a2c39e90264f33305004495a9","hash":"c664e8aa322f680f63f54478150f881b22cc63a5"}
,"D:\\Comprende-AI\\backend\\controllers\\textController.js": {"path":"D:\\Comprende-AI\\backend\\controllers\\textController.js","statementMap":{"0":{"start":{"line":1,"column":13},"end":{"line":1,"column":37}},"1":{"start":{"line":3,"column":19},"end":{"line":31,"column":1}},"2":{"start":{"line":4,"column":4},"end":{"line":6,"column":5}},"3":{"start":{"line":5,"column":8},"end":{"line":5,"column":84}},"4":{"start":{"line":8,"column":4},"end":{"line":10,"column":5}},"5":{"start":{"line":9,"column":8},"end":{"line":9,"column":82}},"6":{"start":{"line":12,"column":4},"end":{"line":30,"column":5}},"7":{"start":{"line":13,"column":24},"end":{"line":13,"column":57}},"8":{"start":{"line":15,"column":24},"end":{"line":18,"column":10}},"9":{"start":{"line":20,"column":8},"end":{"line":20,"column":29}},"10":{"start":{"line":22,"column":8},"end":{"line":25,"column":11}},"11":{"start":{"line":28,"column":8},"end":{"line":28,"column":59}},"12":{"start":{"line":29,"column":8},"end":{"line":29,"column":73}},"13":{"start":{"line":33,"column":17},"end":{"line":57,"column":1}},"14":{"start":{"line":34,"column":21},"end":{"line":34,"column":29}},"15":{"start":{"line":36,"column":4},"end":{"line":38,"column":5}},"16":{"start":{"line":37,"column":8},"end":{"line":37,"column":83}},"17":{"start":{"line":40,"column":4},"end":{"line":56,"column":5}},"18":{"start":{"line":41,"column":24},"end":{"line":44,"column":10}},"19":{"start":{"line":46,"column":8},"end":{"line":46,"column":29}},"20":{"start":{"line":48,"column":8},"end":{"line":51,"column":11}},"21":{"start":{"line":54,"column":8},"end":{"line":54,"column":59}},"22":{"start":{"line":55,"column":8},"end":{"line":55,"column":93}},"23":{"start":{"line":59,"column":0},"end":{"line":59,"column":42}}},"fnMap":{"0":{"name":"(anonymous_0)","decl":{"start":{"line":3,"column":19},"end":{"line":3,"column":20}},"loc":{"start":{"line":3,"column":39},"end":{"line":31,"column":1}},"line":3},"1":{"name":"(anonymous_1)","decl":{"start":{"line":33,"column":17},"end":{"line":33,"column":18}},"loc":{"start":{"line":33,"column":37},"end":{"line":57,"column":1}},"line":33}},"branchMap":{"0":{"loc":{"start":{"line":4,"column":4},"end":{"line":6,"column":5}},"type":"if","locations":[{"start":{"line":4,"column":4},"end":{"line":6,"column":5}},{"start":{},"end":{}}],"line":4},"1":{"loc":{"start":{"line":8,"column":4},"end":{"line":10,"column":5}},"type":"if","locations":[{"start":{"line":8,"column":4},"end":{"line":10,"column":5}},{"start":{},"end":{}}],"line":8},"2":{"loc":{"start":{"line":36,"column":4},"end":{"line":38,"column":5}},"type":"if","locations":[{"start":{"line":36,"column":4},"end":{"line":38,"column":5}},{"start":{},"end":{}}],"line":36},"3":{"loc":{"start":{"line":36,"column":8},"end":{"line":36,"column":63}},"type":"binary-expr","locations":[{"start":{"line":36,"column":8},"end":{"line":36,"column":13}},{"start":{"line":36,"column":17},"end":{"line":36,"column":41}},{"start":{"line":36,"column":45},"end":{"line":36,"column":63}}],"line":36}},"s":{"0":3,"1":3,"2":0,"3":0,"4":0,"5":0,"6":0,"7":0,"8":0,"9":0,"10":0,"11":0,"12":0,"13":3,"14":3,"15":3,"16":2,"17":1,"18":1,"19":1,"20":1,"21":0,"22":0,"23":3},"f":{"0":0,"1":3},"b":{"0":[0,0],"1":[0,0],"2":[2,1],"3":[3,2,2]},"_coverageSchema":"1a1c01bbd47fc00a2c39e90264f33305004495a9","hash":"ea8ca8daca88922625a8156f9fc600b994c050ce"}
,"D:\\Comprende-AI\\backend\\database\\db.js": {"path":"D:\\Comprende-AI\\backend\\database\\db.js","statementMap":{"0":{"start":{"line":1,"column":17},"end":{"line":1,"column":36}},"1":{"start":{"line":3,"column":21},"end":{"line":12,"column":1}},"2":{"start":{"line":4,"column":2},"end":{"line":11,"column":3}},"3":{"start":{"line":5,"column":21},"end":{"line":5,"column":84}},"4":{"start":{"line":6,"column":4},"end":{"line":6,"column":37}},"5":{"start":{"line":7,"column":4},"end":{"line":7,"column":58}},"6":{"start":{"line":9,"column":4},"end":{"line":9,"column":71}},"7":{"start":{"line":10,"column":4},"end":{"line":10,"column":63}},"8":{"start":{"line":14,"column":0},"end":{"line":14,"column":30}}},"fnMap":{"0":{"name":"(anonymous_0)","decl":{"start":{"line":3,"column":21},"end":{"line":3,"column":22}},"loc":{"start":{"line":3,"column":33},"end":{"line":12,"column":1}},"line":3}},"branchMap":{"0":{"loc":{"start":{"line":5,"column":21},"end":{"line":5,"column":84}},"type":"binary-expr","locations":[{"start":{"line":5,"column":21},"end":{"line":5,"column":42}},{"start":{"line":5,"column":46},"end":{"line":5,"column":84}}],"line":5}},"s":{"0":3,"1":3,"2":0,"3":0,"4":0,"5":0,"6":0,"7":0,"8":3},"f":{"0":0},"b":{"0":[0,0]},"_coverageSchema":"1a1c01bbd47fc00a2c39e90264f33305004495a9","hash":"6044706120576a6b7c3368e82ee0d50298e6fef6"}
,"D:\\Comprende-AI\\backend\\middlewares\\verifyToken.js": {"path":"D:\\Comprende-AI\\backend\\middlewares\\verifyToken.js","statementMap":{"0":{"start":{"line":1,"column":12},"end":{"line":1,"column":35}},"1":{"start":{"line":3,"column":20},"end":{"line":17,"column":1}},"2":{"start":{"line":4,"column":16},"end":{"line":4,"column":36}},"3":{"start":{"line":6,"column":2},"end":{"line":16,"column":3}},"4":{"start":{"line":7,"column":4},"end":{"line":13,"column":7}},"5":{"start":{"line":8,"column":6},"end":{"line":12,"column":7}},"6":{"start":{"line":8,"column":17},"end":{"line":8,"column":76}},"7":{"start":{"line":10,"column":8},"end":{"line":10,"column":24}},"8":{"start":{"line":11,"column":8},"end":{"line":11,"column":15}},"9":{"start":{"line":15,"column":4},"end":{"line":15,"column":63}},"10":{"start":{"line":19,"column":0},"end":{"line":19,"column":29}}},"fnMap":{"0":{"name":"(anonymous_0)","decl":{"start":{"line":3,"column":20},"end":{"line":3,"column":21}},"loc":{"start":{"line":3,"column":46},"end":{"line":17,"column":1}},"line":3},"1":{"name":"(anonymous_1)","decl":{"start":{"line":7,"column":33},"end":{"line":7,"column":34}},"loc":{"start":{"line":7,"column":50},"end":{"line":13,"column":5}},"line":7}},"branchMap":{"0":{"loc":{"start":{"line":6,"column":2},"end":{"line":16,"column":3}},"type":"if","locations":[{"start":{"line":6,"column":2},"end":{"line":16,"column":3}},{"start":{"line":14,"column":9},"end":{"line":16,"column":3}}],"line":6},"1":{"loc":{"start":{"line":8,"column":6},"end":{"line":12,"column":7}},"type":"if","locations":[{"start":{"line":8,"column":6},"end":{"line":12,"column":7}},{"start":{"line":9,"column":11},"end":{"line":12,"column":7}}],"line":8}},"s":{"0":4,"1":4,"2":3,"3":3,"4":2,"5":2,"6":1,"7":1,"8":1,"9":1,"10":4},"f":{"0":3,"1":2},"b":{"0":[2,1],"1":[1,1]},"_coverageSchema":"1a1c01bbd47fc00a2c39e90264f33305004495a9","hash":"313cdf83f6ae38db9a9f3f4fa2a5eba2dccf2075"}
,"D:\\Comprende-AI\\backend\\model\\text.js": {"path":"D:\\Comprende-AI\\backend\\model\\text.js","statementMap":{"0":{"start":{"line":1,"column":17},"end":{"line":1,"column":36}},"1":{"start":{"line":3,"column":19},"end":{"line":16,"column":2}},"2":{"start":{"line":18,"column":0},"end":{"line":18,"column":52}}},"fnMap":{},"branchMap":{},"s":{"0":3,"1":3,"2":3},"f":{},"b":{},"_coverageSchema":"1a1c01bbd47fc00a2c39e90264f33305004495a9","hash":"ab8d497c92ab7b73ccb14ea1a377303a682826ae"}
,"D:\\Comprende-AI\\backend\\model\\usuario.js": {"path":"D:\\Comprende-AI\\backend\\model\\usuario.js","statementMap":{"0":{"start":{"line":1,"column":24},"end":{"line":1,"column":43}},"1":{"start":{"line":3,"column":22},"end":{"line":7,"column":2}},"2":{"start":{"line":9,"column":0},"end":{"line":9,"column":50}}},"fnMap":{},"branchMap":{},"s":{"0":3,"1":3,"2":3},"f":{},"b":{},"_coverageSchema":"1a1c01bbd47fc00a2c39e90264f33305004495a9","hash":"ae0d552903339960a8f7b574c44132b5b53916fe"}
}
