TN:
SF:App.js
FN:35,(anonymous_0)
FNF:1
FNH:1
FNDA:3,(anonymous_0)
DA:1,3
DA:3,3
DA:4,3
DA:5,3
DA:6,3
DA:8,3
DA:9,3
DA:10,3
DA:11,3
DA:13,3
DA:16,3
DA:17,3
DA:20,3
DA:21,3
DA:24,3
DA:25,3
DA:26,3
DA:27,3
DA:28,3
DA:29,3
DA:30,3
DA:33,3
DA:35,3
DA:36,3
DA:38,3
DA:39,0
DA:44,3
LF:27
LH:26
BRDA:33,0,0,3
BRDA:33,0,1,3
BRDA:38,1,0,0
BRDA:38,1,1,3
BRF:4
BRH:3
end_of_record
TN:
SF:flow.js
FN:23,callGeminiAPI
FN:63,(anonymous_1)
FN:87,(anonymous_2)
FNF:3
FNH:0
FNDA:0,callGeminiAPI
FNDA:0,(anonymous_1)
FNDA:0,(anonymous_2)
DA:1,2
DA:2,2
DA:5,2
DA:8,2
DA:15,2
DA:24,0
DA:25,0
DA:27,0
DA:35,0
DA:36,0
DA:37,0
DA:39,0
DA:40,0
DA:43,0
DA:46,0
DA:47,0
DA:50,0
DA:51,0
DA:54,0
DA:55,0
DA:58,0
DA:63,2
DA:64,0
DA:83,0
DA:87,2
DA:88,0
DA:104,0
DA:107,2
LF:28
LH:8
BRDA:54,0,0,0
BRDA:54,0,1,0
BRF:2
BRH:0
end_of_record
TN:
SF:controllers\aiController.js
FN:4,(anonymous_0)
FN:25,(anonymous_1)
FNF:2
FNH:2
FNDA:2,(anonymous_0)
FNDA:2,(anonymous_1)
DA:1,3
DA:2,3
DA:4,3
DA:5,2
DA:6,2
DA:7,2
DA:9,2
DA:10,1
DA:13,1
DA:14,1
DA:17,0
DA:18,0
DA:25,3
DA:26,2
DA:27,2
DA:28,2
DA:30,2
DA:31,1
DA:34,1
DA:35,1
DA:38,0
DA:39,0
DA:46,3
LF:23
LH:19
BRDA:9,0,0,1
BRDA:9,0,1,1
BRDA:30,1,0,1
BRDA:30,1,1,1
BRF:4
BRH:4
end_of_record
TN:
SF:controllers\getUserById.js
FN:3,(anonymous_0)
FNF:1
FNH:0
FNDA:0,(anonymous_0)
DA:1,3
DA:3,3
DA:5,0
DA:8,0
DA:9,0
DA:10,0
DA:12,0
DA:13,0
DA:18,0
DA:19,0
DA:22,0
DA:26,0
DA:30,3
LF:13
LH:3
BRDA:8,0,0,0
BRDA:8,0,1,0
BRDA:8,1,0,0
BRDA:8,1,1,0
BRDA:8,1,2,0
BRDA:12,2,0,0
BRDA:12,2,1,0
BRF:7
BRH:0
end_of_record
TN:
SF:controllers\index.js
FNF:0
FNH:0
DA:1,3
DA:2,3
DA:3,3
DA:5,3
LF:4
LH:4
BRF:0
BRH:0
end_of_record
TN:
SF:controllers\login.js
FN:6,(anonymous_0)
FNF:1
FNH:1
FNDA:2,(anonymous_0)
DA:1,3
DA:2,3
DA:3,3
DA:6,3
DA:7,2
DA:9,2
DA:11,2
DA:12,2
DA:14,0
DA:18,2
DA:19,2
DA:21,1
DA:25,1
DA:26,1
DA:29,1
DA:34,1
DA:45,0
DA:46,0
DA:50,3
LF:19
LH:16
BRDA:12,0,0,0
BRDA:12,0,1,2
BRDA:19,1,0,1
BRDA:19,1,1,1
BRDA:29,2,0,1
BRDA:29,2,1,1
BRF:6
BRH:5
end_of_record
TN:
SF:controllers\register.js
FN:4,(anonymous_0)
FN:8,(anonymous_1)
FN:14,(anonymous_2)
FN:25,(anonymous_3)
FN:28,(anonymous_4)
FNF:5
FNH:4
FNDA:4,(anonymous_0)
FNDA:4,(anonymous_1)
FNDA:3,(anonymous_2)
FNDA:3,(anonymous_3)
FNDA:0,(anonymous_4)
DA:1,3
DA:2,3
DA:4,3
DA:6,4
DA:8,4
DA:9,4
DA:10,1
DA:11,3
DA:12,0
DA:14,3
DA:15,3
DA:17,3
DA:23,3
DA:26,3
DA:28,0
DA:35,3
LF:16
LH:14
BRDA:9,0,0,1
BRDA:9,0,1,3
BRDA:11,1,0,0
BRDA:11,1,1,3
BRDA:11,2,0,3
BRDA:11,2,1,3
BRDA:11,2,2,3
BRDA:15,3,0,0
BRDA:15,3,1,3
BRF:9
BRH:7
end_of_record
TN:
SF:controllers\textController.js
FN:3,(anonymous_0)
FN:33,(anonymous_1)
FNF:2
FNH:1
FNDA:0,(anonymous_0)
FNDA:3,(anonymous_1)
DA:1,3
DA:3,3
DA:4,0
DA:5,0
DA:8,0
DA:9,0
DA:12,0
DA:13,0
DA:15,0
DA:20,0
DA:22,0
DA:28,0
DA:29,0
DA:33,3
DA:34,3
DA:36,3
DA:37,2
DA:40,1
DA:41,1
DA:46,1
DA:48,1
DA:54,0
DA:55,0
DA:59,3
LF:24
LH:11
BRDA:4,0,0,0
BRDA:4,0,1,0
BRDA:8,1,0,0
BRDA:8,1,1,0
BRDA:36,2,0,2
BRDA:36,2,1,1
BRDA:36,3,0,3
BRDA:36,3,1,2
BRDA:36,3,2,2
BRF:9
BRH:5
end_of_record
TN:
SF:database\db.js
FN:3,(anonymous_0)
FNF:1
FNH:0
FNDA:0,(anonymous_0)
DA:1,3
DA:3,3
DA:4,0
DA:5,0
DA:6,0
DA:7,0
DA:9,0
DA:10,0
DA:14,3
LF:9
LH:3
BRDA:5,0,0,0
BRDA:5,0,1,0
BRF:2
BRH:0
end_of_record
TN:
SF:middlewares\verifyToken.js
FN:3,(anonymous_0)
FN:7,(anonymous_1)
FNF:2
FNH:2
FNDA:3,(anonymous_0)
FNDA:2,(anonymous_1)
DA:1,4
DA:3,4
DA:4,3
DA:6,3
DA:7,2
DA:8,2
DA:10,1
DA:11,1
DA:15,1
DA:19,4
LF:10
LH:10
BRDA:6,0,0,2
BRDA:6,0,1,1
BRDA:8,1,0,1
BRDA:8,1,1,1
BRF:4
BRH:4
end_of_record
TN:
SF:model\text.js
FNF:0
FNH:0
DA:1,3
DA:3,3
DA:18,3
LF:3
LH:3
BRF:0
BRH:0
end_of_record
TN:
SF:model\usuario.js
FNF:0
FNH:0
DA:1,3
DA:3,3
DA:9,3
LF:3
LH:3
BRF:0
BRH:0
end_of_record
